Parsed 65 properties
  1/65 mary-budden-estate: wiki
  2/65 sarai-at-toria: cached
  3/65 bompu-camp: cluster
  4/65 bera-safari-lodge: cached
  5/65 snow-leopard-lodge: wiki
  6/65 parsatola-ecostay: cluster
  7/65 velanga-orchard: cluster
  8/65 parijaat-goa: wiki
  9/65 devpur-homestay: cached
  10/65 laalee-jaipur: wiki
  11/65 sinna-dorai-valparai: cached
  12/65 glenburn-tea-estate: cached
  13/65 wild-mahseer: wiki
  14/65 the-lodge-at-wah: cluster
  15/65 briar-tea-bungalows: cluster
  16/65 khem-villas: cached
  17/65 singinawa: cluster
  18/65 tree-house-coorg: wiki
  19/65 1914-tea-farms: wiki
  20/65 shaam-e-sarhad: cached
  21/65 pepper-trail-wayanad: wiki
  22/65 philipkuttys-farm: cached
  23/65 yangsum-heritage-farm: cached
  24/65 chadiara-heritage: cluster
  25/65 punjabiyat: wiki
  26/65 saratha-vilas: cached
  27/65 maison-perumal: cluster
  28/65 shahpura-haveli: wiki
  29/65 katha-heritage: cluster
  30/65 hilltop-castle-udaipur: wiki
  31/65 leaders-legacy-kolkata: wiki
  32/65 ancient-glory-kurseong: wiki
  33/65 kalari-kovilakom: wiki
  34/65 nimmu-house-ladakh: cached
  35/65 ahilya-by-the-sea: cached
  36/65 thehraav-by-the-river: cluster
  37/65 shakti-kumaon: cached
  38/65 sunkiya-homestay: wiki
  39/65 anand-prakash-ashram: wiki
  40/65 mudh-homestay: cluster
  41/65 the-doksa-spiti: cluster
  42/65 lchang-nang-retreat: cached
  43/65 tsogsti-community: wiki
  44/65 mahua-homestay-jashpur: wiki
  45/65 keibul-homestay: wiki
  46/65 lagay-village-homestay: wiki
  47/65 mawroh-shillong: wiki
  48/65 sukoon-houseboat: wiki
  49/65 coco-shambhala: cached
  50/65 song-of-the-sea: wiki
  51/65 river-symphony-goa: wiki
  52/65 bordi-homestay: wiki
  53/65 windermere-river-house: wiki
  54/65 konyak-chiefs-house-longwa: wiki
  55/65 bishnoi-village-stay: wiki
  56/65 khonoma-village-eco-stay: wiki
  57/65 ayisha-manzil-thalassery: wiki
  58/65 naga-kitchen-homestay: wiki
  59/65 suryauday-haveli-varanasi: cluster
  60/65 agatti-island-homestay: wiki
  61/65 chilika-floating-cottage: wiki
  62/65 majuli-satra-guesthouse: wiki
  63/65 hornbill-kisama-homestay: wiki
  64/65 pushkar-tented-camp: wiki
  65/65 kolukkumalai-tea-bungalow: cluster

Done. 65/65 properties resolved.
